Analysis & Synthesis report for Modem
Sat Oct 15 08:31:33 2016
Quartus II Version 9.1 Build 350 03/24/2010 Service Pack 2 SJ Web Edition


---------------------
; Table of Contents ;
---------------------
  1. Legal Notice
  2. Analysis & Synthesis Summary
  3. Analysis & Synthesis Settings
  4. Parallel Compilation
  5. Analysis & Synthesis Source Files Read
  6. Analysis & Synthesis Resource Usage Summary
  7. Analysis & Synthesis Resource Utilization by Entity
  8. State Machine - |Modem|Modem_UC:IModem_UC|state
  9. Registers Removed During Synthesis
 10. General Register Statistics
 11. Inverted Register Statistics
 12. Multiplexer Restructuring Statistics (Restructuring Performed)
 13. Port Connectivity Checks: "Modem_FD:IModem_FD|Transmissor:ITransmissor|Transmissor_FD:IFD|shifter:Ishifter"
 14. Port Connectivity Checks: "Modem_FD:IModem_FD|Transmissor:ITransmissor|Transmissor_FD:IFD|timer:clock_divider"
 15. Port Connectivity Checks: "Modem_FD:IModem_FD|Receptor:IReceptor|Receptor_FD:IFD|shifter:serial_shifter"
 16. Port Connectivity Checks: "Modem_FD:IModem_FD|Receptor:IReceptor|Receptor_FD:IFD|timer:clock_divider"
 17. Port Connectivity Checks: "Modem_FD:IModem_FD"
 18. Analysis & Synthesis Messages



----------------
; Legal Notice ;
----------------
Copyright (C) 1991-2010 Altera Corporation
Your use of Altera Corporation's design tools, logic functions 
and other software and tools, and its AMPP partner logic 
functions, and any output files from any of the foregoing 
(including device programming or simulation files), and any 
associated documentation or information are expressly subject 
to the terms and conditions of the Altera Program License 
Subscription Agreement, Altera MegaCore Function License 
Agreement, or other applicable license agreement, including, 
without limitation, that your use is for the sole purpose of 
programming logic devices manufactured by Altera and sold by 
Altera or its authorized distributors.  Please refer to the 
applicable agreement for further details.



+-----------------------------------------------------------------------------------+
; Analysis & Synthesis Summary                                                      ;
+------------------------------------+----------------------------------------------+
; Analysis & Synthesis Status        ; Successful - Sat Oct 15 08:31:33 2016        ;
; Quartus II Version                 ; 9.1 Build 350 03/24/2010 SP 2 SJ Web Edition ;
; Revision Name                      ; Modem                                        ;
; Top-level Entity Name              ; Modem                                        ;
; Family                             ; Cyclone II                                   ;
; Total logic elements               ; 115                                          ;
;     Total combinational functions  ; 99                                           ;
;     Dedicated logic registers      ; 70                                           ;
; Total registers                    ; 70                                           ;
; Total pins                         ; 46                                           ;
; Total virtual pins                 ; 0                                            ;
; Total memory bits                  ; 0                                            ;
; Embedded Multiplier 9-bit elements ; 0                                            ;
; Total PLLs                         ; 0                                            ;
+------------------------------------+----------------------------------------------+


+----------------------------------------------------------------------------------------------------------------------+
; Analysis & Synthesis Settings                                                                                        ;
+----------------------------------------------------------------------------+--------------------+--------------------+
; Option                                                                     ; Setting            ; Default Value      ;
+----------------------------------------------------------------------------+--------------------+--------------------+
; Device                                                                     ; EP2C35F672C6       ;                    ;
; Top-level entity name                                                      ; Modem              ; Modem              ;
; Family name                                                                ; Cyclone II         ; Stratix II         ;
; Type of Retiming Performed During Resynthesis                              ; Full               ;                    ;
; Resynthesis Optimization Effort                                            ; Normal             ;                    ;
; Physical Synthesis Level for Resynthesis                                   ; Normal             ;                    ;
; Use Generated Physical Constraints File                                    ; On                 ;                    ;
; Use smart compilation                                                      ; Off                ; Off                ;
; Enable parallel Assembler and TimeQuest Timing Analyzer during compilation ; On                 ; On                 ;
; Enable compact report table                                                ; Off                ; Off                ;
; Restructure Multiplexers                                                   ; Auto               ; Auto               ;
; Create Debugging Nodes for IP Cores                                        ; Off                ; Off                ;
; Preserve fewer node names                                                  ; On                 ; On                 ;
; Disable OpenCore Plus hardware evaluation                                  ; Off                ; Off                ;
; Verilog Version                                                            ; Verilog_2001       ; Verilog_2001       ;
; VHDL Version                                                               ; VHDL_1993          ; VHDL_1993          ;
; State Machine Processing                                                   ; Auto               ; Auto               ;
; Safe State Machine                                                         ; Off                ; Off                ;
; Extract Verilog State Machines                                             ; On                 ; On                 ;
; Extract VHDL State Machines                                                ; On                 ; On                 ;
; Ignore Verilog initial constructs                                          ; Off                ; Off                ;
; Iteration limit for constant Verilog loops                                 ; 5000               ; 5000               ;
; Iteration limit for non-constant Verilog loops                             ; 250                ; 250                ;
; Add Pass-Through Logic to Inferred RAMs                                    ; On                 ; On                 ;
; Parallel Synthesis                                                         ; On                 ; On                 ;
; DSP Block Balancing                                                        ; Auto               ; Auto               ;
; NOT Gate Push-Back                                                         ; On                 ; On                 ;
; Power-Up Don't Care                                                        ; On                 ; On                 ;
; Remove Redundant Logic Cells                                               ; Off                ; Off                ;
; Remove Duplicate Registers                                                 ; On                 ; On                 ;
; Ignore CARRY Buffers                                                       ; Off                ; Off                ;
; Ignore CASCADE Buffers                                                     ; Off                ; Off                ;
; Ignore GLOBAL Buffers                                                      ; Off                ; Off                ;
; Ignore ROW GLOBAL Buffers                                                  ; Off                ; Off                ;
; Ignore LCELL Buffers                                                       ; Off                ; Off                ;
; Ignore SOFT Buffers                                                        ; On                 ; On                 ;
; Limit AHDL Integers to 32 Bits                                             ; Off                ; Off                ;
; Optimization Technique                                                     ; Balanced           ; Balanced           ;
; Carry Chain Length                                                         ; 70                 ; 70                 ;
; Auto Carry Chains                                                          ; On                 ; On                 ;
; Auto Open-Drain Pins                                                       ; On                 ; On                 ;
; Perform WYSIWYG Primitive Resynthesis                                      ; Off                ; Off                ;
; Auto ROM Replacement                                                       ; On                 ; On                 ;
; Auto RAM Replacement                                                       ; On                 ; On                 ;
; Auto Shift Register Replacement                                            ; Auto               ; Auto               ;
; Auto Clock Enable Replacement                                              ; On                 ; On                 ;
; Strict RAM Replacement                                                     ; Off                ; Off                ;
; Allow Synchronous Control Signals                                          ; On                 ; On                 ;
; Force Use of Synchronous Clear Signals                                     ; Off                ; Off                ;
; Auto RAM to Logic Cell Conversion                                          ; Off                ; Off                ;
; Auto Resource Sharing                                                      ; Off                ; Off                ;
; Allow Any RAM Size For Recognition                                         ; Off                ; Off                ;
; Allow Any ROM Size For Recognition                                         ; Off                ; Off                ;
; Allow Any Shift Register Size For Recognition                              ; Off                ; Off                ;
; Use LogicLock Constraints during Resource Balancing                        ; On                 ; On                 ;
; Ignore translate_off and synthesis_off directives                          ; Off                ; Off                ;
; Timing-Driven Synthesis                                                    ; Off                ; Off                ;
; Show Parameter Settings Tables in Synthesis Report                         ; On                 ; On                 ;
; Ignore Maximum Fan-Out Assignments                                         ; Off                ; Off                ;
; Synchronization Register Chain Length                                      ; 2                  ; 2                  ;
; PowerPlay Power Optimization                                               ; Normal compilation ; Normal compilation ;
; HDL message level                                                          ; Level2             ; Level2             ;
; Suppress Register Optimization Related Messages                            ; Off                ; Off                ;
; Number of Removed Registers Reported in Synthesis Report                   ; 5000               ; 5000               ;
; Number of Inverted Registers Reported in Synthesis Report                  ; 100                ; 100                ;
; Clock MUX Protection                                                       ; On                 ; On                 ;
; Auto Gated Clock Conversion                                                ; Off                ; Off                ;
; Block Design Naming                                                        ; Auto               ; Auto               ;
; SDC constraint protection                                                  ; Off                ; Off                ;
; Synthesis Effort                                                           ; Auto               ; Auto               ;
; Shift Register Replacement - Allow Asynchronous Clear Signal               ; On                 ; On                 ;
; Analysis & Synthesis Message Level                                         ; Medium             ; Medium             ;
; Disable Register Merging Across Hierarchies                                ; Auto               ; Auto               ;
; Resource Aware Inference For Block RAM                                     ; On                 ; On                 ;
+----------------------------------------------------------------------------+--------------------+--------------------+


Parallel compilation was disabled, but you have multiple processors available. Enable parallel compilation to reduce compilation time.
+-------------------------------------+
; Parallel Compilation                ;
+----------------------------+--------+
; Processors                 ; Number ;
+----------------------------+--------+
; Number detected on machine ; 4      ;
; Maximum allowed            ; 1      ;
+----------------------------+--------+


+------------------------------------------------------------------------------------------------------------------------+
; Analysis & Synthesis Source Files Read                                                                                 ;
+----------------------------------+-----------------+-----------------+-------------------------------------------------+
; File Name with User-Entered Path ; Used in Netlist ; File Type       ; File Name with Absolute Path                    ;
+----------------------------------+-----------------+-----------------+-------------------------------------------------+
; hex7seg.vhd                      ; yes             ; User VHDL File  ; C:/Users/GTA/Documents/Modem/hex7seg.vhd        ;
; Register8.vhd                    ; yes             ; User VHDL File  ; C:/Users/GTA/Documents/Modem/Register8.vhd      ;
; Transmissor_FD.vhd               ; yes             ; User VHDL File  ; C:/Users/GTA/Documents/Modem/Transmissor_FD.vhd ;
; Transmissor.vhd                  ; yes             ; User VHDL File  ; C:/Users/GTA/Documents/Modem/Transmissor.vhd    ;
; timer.vhd                        ; yes             ; User VHDL File  ; C:/Users/GTA/Documents/Modem/timer.vhd          ;
; shifter.vhd                      ; yes             ; User VHDL File  ; C:/Users/GTA/Documents/Modem/shifter.vhd        ;
; Receptor_UC.vhd                  ; yes             ; User VHDL File  ; C:/Users/GTA/Documents/Modem/Receptor_UC.vhd    ;
; Receptor_FD.vhd                  ; yes             ; User VHDL File  ; C:/Users/GTA/Documents/Modem/Receptor_FD.vhd    ;
; Receptor.vhd                     ; yes             ; User VHDL File  ; C:/Users/GTA/Documents/Modem/Receptor.vhd       ;
; Modem_UC.vhd                     ; yes             ; User VHDL File  ; C:/Users/GTA/Documents/Modem/Modem_UC.vhd       ;
; Modem_FD.vhd                     ; yes             ; User VHDL File  ; C:/Users/GTA/Documents/Modem/Modem_FD.vhd       ;
; counter.vhd                      ; yes             ; User VHDL File  ; C:/Users/GTA/Documents/Modem/counter.vhd        ;
; Modem.vhd                        ; yes             ; User VHDL File  ; C:/Users/GTA/Documents/Modem/Modem.vhd          ;
; AnaliseBuffer.vhd                ; yes             ; User VHDL File  ; C:/Users/GTA/Documents/Modem/AnaliseBuffer.vhd  ;
+----------------------------------+-----------------+-----------------+-------------------------------------------------+


+-----------------------------------------------------+
; Analysis & Synthesis Resource Usage Summary         ;
+---------------------------------------------+-------+
; Resource                                    ; Usage ;
+---------------------------------------------+-------+
; Estimated Total logic elements              ; 115   ;
;                                             ;       ;
; Total combinational functions               ; 99    ;
; Logic element usage by number of LUT inputs ;       ;
;     -- 4 input functions                    ; 36    ;
;     -- 3 input functions                    ; 13    ;
;     -- <=2 input functions                  ; 50    ;
;                                             ;       ;
; Logic elements by mode                      ;       ;
;     -- normal mode                          ; 93    ;
;     -- arithmetic mode                      ; 6     ;
;                                             ;       ;
; Total registers                             ; 70    ;
;     -- Dedicated logic registers            ; 70    ;
;     -- I/O registers                        ; 0     ;
;                                             ;       ;
; I/O pins                                    ; 46    ;
; Maximum fan-out node                        ; clk   ;
; Maximum fan-out                             ; 70    ;
; Total fan-out                               ; 491   ;
; Average fan-out                             ; 2.28  ;
+---------------------------------------------+-------+


+-------------------------------------------------------------------------------------------------------------------------------------------------------------------------------------------------------------------------------------------------------------+
; Analysis & Synthesis Resource Utilization by Entity                                                                                                                                                                                                         ;
+--------------------------------------+-------------------+--------------+-------------+--------------+---------+-----------+------+--------------+-------------------------------------------------------------------------------------------+--------------+
; Compilation Hierarchy Node           ; LC Combinationals ; LC Registers ; Memory Bits ; DSP Elements ; DSP 9x9 ; DSP 18x18 ; Pins ; Virtual Pins ; Full Hierarchy Name                                                                       ; Library Name ;
+--------------------------------------+-------------------+--------------+-------------+--------------+---------+-----------+------+--------------+-------------------------------------------------------------------------------------------+--------------+
; |Modem                               ; 99 (0)            ; 70 (0)       ; 0           ; 0            ; 0       ; 0         ; 46   ; 0            ; |Modem                                                                                    ; work         ;
;    |Modem_FD:IModem_FD|              ; 91 (0)            ; 65 (0)       ; 0           ; 0            ; 0       ; 0         ; 0    ; 0            ; |Modem|Modem_FD:IModem_FD                                                                 ;              ;
;       |AnaliseBuffer:DadoRec|        ; 5 (5)             ; 1 (1)        ; 0           ; 0            ; 0       ; 0         ; 0    ; 0            ; |Modem|Modem_FD:IModem_FD|AnaliseBuffer:DadoRec                                           ; work         ;
;       |Receptor:IReceptor|           ; 28 (0)            ; 25 (0)       ; 0           ; 0            ; 0       ; 0         ; 0    ; 0            ; |Modem|Modem_FD:IModem_FD|Receptor:IReceptor                                              ; work         ;
;          |Receptor_FD:IFD|           ; 22 (0)            ; 22 (0)       ; 0           ; 0            ; 0       ; 0         ; 0    ; 0            ; |Modem|Modem_FD:IModem_FD|Receptor:IReceptor|Receptor_FD:IFD                              ;              ;
;             |counter:rx_bit_counter| ; 4 (4)             ; 8 (8)        ; 0           ; 0            ; 0       ; 0         ; 0    ; 0            ; |Modem|Modem_FD:IModem_FD|Receptor:IReceptor|Receptor_FD:IFD|counter:rx_bit_counter       ; work         ;
;             |shifter:serial_shifter| ; 10 (10)           ; 9 (9)        ; 0           ; 0            ; 0       ; 0         ; 0    ; 0            ; |Modem|Modem_FD:IModem_FD|Receptor:IReceptor|Receptor_FD:IFD|shifter:serial_shifter       ; work         ;
;             |timer:clock_divider|    ; 8 (8)             ; 5 (5)        ; 0           ; 0            ; 0       ; 0         ; 0    ; 0            ; |Modem|Modem_FD:IModem_FD|Receptor:IReceptor|Receptor_FD:IFD|timer:clock_divider          ; work         ;
;          |Receptor_UC:IUC|           ; 6 (6)             ; 3 (3)        ; 0           ; 0            ; 0       ; 0         ; 0    ; 0            ; |Modem|Modem_FD:IModem_FD|Receptor:IReceptor|Receptor_UC:IUC                              ; work         ;
;       |Register8:OutputBuffer|       ; 8 (8)             ; 8 (8)        ; 0           ; 0            ; 0       ; 0         ; 0    ; 0            ; |Modem|Modem_FD:IModem_FD|Register8:OutputBuffer                                          ; work         ;
;       |Register8:Saida|              ; 0 (0)             ; 8 (8)        ; 0           ; 0            ; 0       ; 0         ; 0    ; 0            ; |Modem|Modem_FD:IModem_FD|Register8:Saida                                                 ; work         ;
;       |Transmissor:ITransmissor|     ; 22 (0)            ; 23 (0)       ; 0           ; 0            ; 0       ; 0         ; 0    ; 0            ; |Modem|Modem_FD:IModem_FD|Transmissor:ITransmissor                                        ; work         ;
;          |Transmissor_FD:IFD|        ; 22 (1)            ; 23 (1)       ; 0           ; 0            ; 0       ; 0         ; 0    ; 0            ; |Modem|Modem_FD:IModem_FD|Transmissor:ITransmissor|Transmissor_FD:IFD                     ; work         ;
;             |counter:Icounter|       ; 4 (4)             ; 8 (8)        ; 0           ; 0            ; 0       ; 0         ; 0    ; 0            ; |Modem|Modem_FD:IModem_FD|Transmissor:ITransmissor|Transmissor_FD:IFD|counter:Icounter    ; work         ;
;             |shifter:Ishifter|       ; 10 (10)           ; 9 (9)        ; 0           ; 0            ; 0       ; 0         ; 0    ; 0            ; |Modem|Modem_FD:IModem_FD|Transmissor:ITransmissor|Transmissor_FD:IFD|shifter:Ishifter    ; work         ;
;             |timer:clock_divider|    ; 7 (7)             ; 5 (5)        ; 0           ; 0            ; 0       ; 0         ; 0    ; 0            ; |Modem|Modem_FD:IModem_FD|Transmissor:ITransmissor|Transmissor_FD:IFD|timer:clock_divider ; work         ;
;       |hex7seg:Display0|             ; 14 (14)           ; 0 (0)        ; 0           ; 0            ; 0       ; 0         ; 0    ; 0            ; |Modem|Modem_FD:IModem_FD|hex7seg:Display0                                                ; work         ;
;       |hex7seg:Display1|             ; 14 (14)           ; 0 (0)        ; 0           ; 0            ; 0       ; 0         ; 0    ; 0            ; |Modem|Modem_FD:IModem_FD|hex7seg:Display1                                                ; work         ;
;    |Modem_UC:IModem_UC|              ; 8 (8)             ; 5 (5)        ; 0           ; 0            ; 0       ; 0         ; 0    ; 0            ; |Modem|Modem_UC:IModem_UC                                                                 ;              ;
+--------------------------------------+-------------------+--------------+-------------+--------------+---------+-----------+------+--------------+-------------------------------------------------------------------------------------------+--------------+
Note: For table entries with two numbers listed, the numbers in parentheses indicate the number of resources of the given type used by the specific entity alone. The numbers listed outside of parentheses indicate the total resources of the given type used by the specific entity and all of its sub-entities in the hierarchy.


Encoding Type:  One-Hot
+--------------------------------------------------------------------+
; State Machine - |Modem|Modem_UC:IModem_UC|state                    ;
+-------------------+---------------+-------------------+------------+
; Name              ; state.SENDING ; state.WAITING_CTS ; state.IDLE ;
+-------------------+---------------+-------------------+------------+
; state.IDLE        ; 0             ; 0                 ; 0          ;
; state.WAITING_CTS ; 0             ; 1                 ; 1          ;
; state.SENDING     ; 1             ; 0                 ; 1          ;
+-------------------+---------------+-------------------+------------+


+--------------------------------------------------------------------------------------------------------------------------------+
; Registers Removed During Synthesis                                                                                             ;
+---------------------------------------------------------------------------------------+----------------------------------------+
; Register name                                                                         ; Reason for Removal                     ;
+---------------------------------------------------------------------------------------+----------------------------------------+
; Modem_FD:IModem_FD|Transmissor:ITransmissor|Transmissor_FD:IFD|shifter:Ishifter|IQ[9] ; Stuck at VCC due to stuck port data_in ;
; Total Number of Removed Registers = 1                                                 ;                                        ;
+---------------------------------------------------------------------------------------+----------------------------------------+


+------------------------------------------------------+
; General Register Statistics                          ;
+----------------------------------------------+-------+
; Statistic                                    ; Value ;
+----------------------------------------------+-------+
; Total registers                              ; 70    ;
; Number of registers using Synchronous Clear  ; 8     ;
; Number of registers using Synchronous Load   ; 0     ;
; Number of registers using Asynchronous Clear ; 0     ;
; Number of registers using Asynchronous Load  ; 0     ;
; Number of registers using Clock Enable       ; 39    ;
; Number of registers using Preset             ; 0     ;
+----------------------------------------------+-------+


+-------------------------------------------------------------------------------------------------+
; Inverted Register Statistics                                                                    ;
+---------------------------------------------------------------------------------------+---------+
; Inverted Register                                                                     ; Fan out ;
+---------------------------------------------------------------------------------------+---------+
; Modem_FD:IModem_FD|Receptor:IReceptor|Receptor_UC:IUC|Sreg                            ; 25      ;
; Modem_UC:IModem_UC|SnRTS                                                              ; 2       ;
; Modem_FD:IModem_FD|Transmissor:ITransmissor|Transmissor_FD:IFD|shifter:Ishifter|IQ[0] ; 1       ;
; Modem_FD:IModem_FD|Transmissor:ITransmissor|Transmissor_FD:IFD|shifter:Ishifter|IQ[1] ; 1       ;
; Modem_FD:IModem_FD|Receptor:IReceptor|Receptor_FD:IFD|shifter:serial_shifter|IQ[2]    ; 2       ;
; Modem_FD:IModem_FD|Receptor:IReceptor|Receptor_FD:IFD|shifter:serial_shifter|IQ[1]    ; 1       ;
; Modem_FD:IModem_FD|Receptor:IReceptor|Receptor_FD:IFD|shifter:serial_shifter|IQ[4]    ; 2       ;
; Modem_FD:IModem_FD|Receptor:IReceptor|Receptor_FD:IFD|shifter:serial_shifter|IQ[3]    ; 2       ;
; Modem_FD:IModem_FD|Receptor:IReceptor|Receptor_FD:IFD|shifter:serial_shifter|IQ[6]    ; 2       ;
; Modem_FD:IModem_FD|Receptor:IReceptor|Receptor_FD:IFD|shifter:serial_shifter|IQ[5]    ; 2       ;
; Modem_FD:IModem_FD|Receptor:IReceptor|Receptor_FD:IFD|shifter:serial_shifter|IQ[8]    ; 2       ;
; Modem_FD:IModem_FD|Receptor:IReceptor|Receptor_FD:IFD|shifter:serial_shifter|IQ[7]    ; 2       ;
; Modem_FD:IModem_FD|Transmissor:ITransmissor|Transmissor_FD:IFD|shifter:Ishifter|IQ[2] ; 1       ;
; Modem_FD:IModem_FD|Receptor:IReceptor|Receptor_FD:IFD|shifter:serial_shifter|IQ[9]    ; 1       ;
; Modem_FD:IModem_FD|Transmissor:ITransmissor|Transmissor_FD:IFD|shifter:Ishifter|IQ[3] ; 1       ;
; Modem_FD:IModem_FD|Transmissor:ITransmissor|Transmissor_FD:IFD|shifter:Ishifter|IQ[4] ; 1       ;
; Modem_FD:IModem_FD|Transmissor:ITransmissor|Transmissor_FD:IFD|shifter:Ishifter|IQ[5] ; 1       ;
; Modem_FD:IModem_FD|Transmissor:ITransmissor|Transmissor_FD:IFD|shifter:Ishifter|IQ[6] ; 1       ;
; Modem_FD:IModem_FD|Transmissor:ITransmissor|Transmissor_FD:IFD|shifter:Ishifter|IQ[7] ; 1       ;
; Modem_FD:IModem_FD|Transmissor:ITransmissor|Transmissor_FD:IFD|shifter:Ishifter|IQ[8] ; 1       ;
; Total number of inverted registers = 20                                               ;         ;
+---------------------------------------------------------------------------------------+---------+


+------------------------------------------------------------------------------------------------------------------------------------------------------------------------------------------------------------------+
; Multiplexer Restructuring Statistics (Restructuring Performed)                                                                                                                                                   ;
+--------------------+-----------+---------------+----------------------+------------------------+------------+----------------------------------------------------------------------------------------------------+
; Multiplexer Inputs ; Bus Width ; Baseline Area ; Area if Restructured ; Saving if Restructured ; Registered ; Example Multiplexer Output                                                                         ;
+--------------------+-----------+---------------+----------------------+------------------------+------------+----------------------------------------------------------------------------------------------------+
; 3:1                ; 4 bits    ; 8 LEs         ; 8 LEs                ; 0 LEs                  ; Yes        ; |Modem|Modem_FD:IModem_FD|Transmissor:ITransmissor|Transmissor_FD:IFD|timer:clock_divider|count[2] ;
; 4:1                ; 4 bits    ; 8 LEs         ; 4 LEs                ; 4 LEs                  ; Yes        ; |Modem|Modem_FD:IModem_FD|Receptor:IReceptor|Receptor_FD:IFD|timer:clock_divider|count[0]          ;
; 3:1                ; 8 bits    ; 16 LEs        ; 8 LEs                ; 8 LEs                  ; Yes        ; |Modem|Modem_FD:IModem_FD|Transmissor:ITransmissor|Transmissor_FD:IFD|shifter:Ishifter|IQ[1]       ;
; 3:1                ; 9 bits    ; 18 LEs        ; 9 LEs                ; 9 LEs                  ; Yes        ; |Modem|Modem_FD:IModem_FD|Receptor:IReceptor|Receptor_FD:IFD|shifter:serial_shifter|IQ[9]          ;
; 6:1                ; 3 bits    ; 12 LEs        ; 6 LEs                ; 6 LEs                  ; No         ; |Modem|Modem_UC:IModem_UC|Selector3                                                                ;
+--------------------+-----------+---------------+----------------------+------------------------+------------+----------------------------------------------------------------------------------------------------+


+----------------------------------------------------------------------------------------------------------------------+
; Port Connectivity Checks: "Modem_FD:IModem_FD|Transmissor:ITransmissor|Transmissor_FD:IFD|shifter:Ishifter"          ;
+------------+--------+----------+-------------------------------------------------------------------------------------+
; Port       ; Type   ; Severity ; Details                                                                             ;
+------------+--------+----------+-------------------------------------------------------------------------------------+
; serial_in  ; Input  ; Info     ; Stuck at VCC                                                                        ;
; data_in[9] ; Input  ; Info     ; Stuck at VCC                                                                        ;
; data_in[0] ; Input  ; Info     ; Stuck at GND                                                                        ;
; data_out   ; Output ; Info     ; Connected to dangling logic. Logic that only feeds a dangling port will be removed. ;
+------------+--------+----------+-------------------------------------------------------------------------------------+


+----------------------------------------------------------------------------------------------------------------+
; Port Connectivity Checks: "Modem_FD:IModem_FD|Transmissor:ITransmissor|Transmissor_FD:IFD|timer:clock_divider" ;
+---------------+-------+----------+-----------------------------------------------------------------------------+
; Port          ; Type  ; Severity ; Details                                                                     ;
+---------------+-------+----------+-----------------------------------------------------------------------------+
; enable        ; Input ; Info     ; Stuck at VCC                                                                ;
; data_in[2..1] ; Input ; Info     ; Stuck at VCC                                                                ;
; data_in[3]    ; Input ; Info     ; Stuck at GND                                                                ;
; data_in[0]    ; Input ; Info     ; Stuck at GND                                                                ;
+---------------+-------+----------+-----------------------------------------------------------------------------+


+-----------------------------------------------------------------------------------------------------------------------+
; Port Connectivity Checks: "Modem_FD:IModem_FD|Receptor:IReceptor|Receptor_FD:IFD|shifter:serial_shifter"              ;
+-------------+--------+----------+-------------------------------------------------------------------------------------+
; Port        ; Type   ; Severity ; Details                                                                             ;
+-------------+--------+----------+-------------------------------------------------------------------------------------+
; serial_out  ; Output ; Info     ; Connected to dangling logic. Logic that only feeds a dangling port will be removed. ;
; data_in     ; Input  ; Info     ; Stuck at GND                                                                        ;
; data_out[9] ; Output ; Info     ; Connected to dangling logic. Logic that only feeds a dangling port will be removed. ;
; data_out[0] ; Output ; Info     ; Connected to dangling logic. Logic that only feeds a dangling port will be removed. ;
+-------------+--------+----------+-------------------------------------------------------------------------------------+


+-------------------------------------------------------------------------------------------------------+
; Port Connectivity Checks: "Modem_FD:IModem_FD|Receptor:IReceptor|Receptor_FD:IFD|timer:clock_divider" ;
+---------------+-------+----------+--------------------------------------------------------------------+
; Port          ; Type  ; Severity ; Details                                                            ;
+---------------+-------+----------+--------------------------------------------------------------------+
; data_in[2..0] ; Input ; Info     ; Stuck at VCC                                                       ;
; data_in[3]    ; Input ; Info     ; Stuck at GND                                                       ;
+---------------+-------+----------+--------------------------------------------------------------------+


+------------------------------------------------+
; Port Connectivity Checks: "Modem_FD:IModem_FD" ;
+------+-------+----------+----------------------+
; Port ; Type  ; Severity ; Details              ;
+------+-------+----------+----------------------+
; liga ; Input ; Info     ; Stuck at VCC         ;
+------+-------+----------+----------------------+


+-------------------------------+
; Analysis & Synthesis Messages ;
+-------------------------------+
Info: *******************************************************************
Info: Running Quartus II Analysis & Synthesis
    Info: Version 9.1 Build 350 03/24/2010 Service Pack 2 SJ Web Edition
    Info: Processing started: Sat Oct 15 08:31:32 2016
Info: Command: quartus_map --read_settings_files=on --write_settings_files=off Modem -c Modem
Info: Found 2 design units, including 1 entities, in source file hex7seg.vhd
    Info: Found design unit 1: hex7seg-hex7seg
    Info: Found entity 1: hex7seg
Info: Found 2 design units, including 1 entities, in source file register8.vhd
    Info: Found design unit 1: Register8-Register8_arch
    Info: Found entity 1: Register8
Info: Found 2 design units, including 1 entities, in source file transmissor_fd.vhd
    Info: Found design unit 1: Transmissor_FD-Transmissor_FD_arch
    Info: Found entity 1: Transmissor_FD
Info: Found 2 design units, including 1 entities, in source file transmissor.vhd
    Info: Found design unit 1: Transmissor-Transmissor_arch
    Info: Found entity 1: Transmissor
Info: Found 2 design units, including 1 entities, in source file timer.vhd
    Info: Found design unit 1: timer-timer_arch
    Info: Found entity 1: timer
Info: Found 2 design units, including 1 entities, in source file shifter.vhd
    Info: Found design unit 1: shifter-shifter_arch
    Info: Found entity 1: shifter
Info: Found 2 design units, including 1 entities, in source file receptor_uc.vhd
    Info: Found design unit 1: Receptor_UC-Receptor_UC_arch
    Info: Found entity 1: Receptor_UC
Info: Found 2 design units, including 1 entities, in source file receptor_fd.vhd
    Info: Found design unit 1: Receptor_FD-Receptor_FD_arch
    Info: Found entity 1: Receptor_FD
Info: Found 2 design units, including 1 entities, in source file receptor.vhd
    Info: Found design unit 1: Receptor-Receptor_arch
    Info: Found entity 1: Receptor
Info: Found 2 design units, including 1 entities, in source file modem_uc.vhd
    Info: Found design unit 1: Modem_UC-Modem_UC_arch
    Info: Found entity 1: Modem_UC
Info: Found 2 design units, including 1 entities, in source file modem_fd.vhd
    Info: Found design unit 1: Modem_FD-Modem_FD_arch
    Info: Found entity 1: Modem_FD
Info: Found 2 design units, including 1 entities, in source file counter.vhd
    Info: Found design unit 1: counter-counter_impl
    Info: Found entity 1: counter
Info: Found 2 design units, including 1 entities, in source file modem.vhd
    Info: Found design unit 1: Modem-Modem_arch
    Info: Found entity 1: Modem
Info: Found 2 design units, including 1 entities, in source file analisebuffer.vhd
    Info: Found design unit 1: AnaliseBuffer-ana_arch
    Info: Found entity 1: AnaliseBuffer
Info: Elaborating entity "Modem" for the top level hierarchy
Info: Elaborating entity "Modem_UC" for hierarchy "Modem_UC:IModem_UC"
Info: Elaborating entity "Modem_FD" for hierarchy "Modem_FD:IModem_FD"
Info: Elaborating entity "Receptor" for hierarchy "Modem_FD:IModem_FD|Receptor:IReceptor"
Info: Elaborating entity "Receptor_UC" for hierarchy "Modem_FD:IModem_FD|Receptor:IReceptor|Receptor_UC:IUC"
Info: Elaborating entity "Receptor_FD" for hierarchy "Modem_FD:IModem_FD|Receptor:IReceptor|Receptor_FD:IFD"
Info: Elaborating entity "timer" for hierarchy "Modem_FD:IModem_FD|Receptor:IReceptor|Receptor_FD:IFD|timer:clock_divider"
Info: Elaborating entity "counter" for hierarchy "Modem_FD:IModem_FD|Receptor:IReceptor|Receptor_FD:IFD|counter:rx_bit_counter"
Info: Elaborating entity "shifter" for hierarchy "Modem_FD:IModem_FD|Receptor:IReceptor|Receptor_FD:IFD|shifter:serial_shifter"
Info: Elaborating entity "Transmissor" for hierarchy "Modem_FD:IModem_FD|Transmissor:ITransmissor"
Info: Elaborating entity "Transmissor_FD" for hierarchy "Modem_FD:IModem_FD|Transmissor:ITransmissor|Transmissor_FD:IFD"
Info: Elaborating entity "Register8" for hierarchy "Modem_FD:IModem_FD|Register8:OutputBuffer"
Warning (10492): VHDL Process Statement warning at register8.vhd(24): signal "IQ" is read inside the Process Statement but isn't in the Process Statement's sensitivity list
Info: Elaborating entity "AnaliseBuffer" for hierarchy "Modem_FD:IModem_FD|AnaliseBuffer:DadoRec"
Info: Elaborating entity "hex7seg" for hierarchy "Modem_FD:IModem_FD|hex7seg:Display0"
Warning: Output pins are stuck at VCC or GND
    Warning (13410): Pin "nDTR" is stuck at GND
Info: Implemented 161 device resources after synthesis - the final resource count might be different
    Info: Implemented 14 input pins
    Info: Implemented 32 output pins
    Info: Implemented 115 logic cells
Info: Quartus II Analysis & Synthesis was successful. 0 errors, 3 warnings
    Info: Peak virtual memory: 258 megabytes
    Info: Processing ended: Sat Oct 15 08:31:33 2016
    Info: Elapsed time: 00:00:01
    Info: Total CPU time (on all processors): 00:00:01


