Analysis & Synthesis report for Receptor
Sat Sep 17 17:40:53 2016
Quartus II Version 9.1 Build 350 03/24/2010 Service Pack 2 SJ Web Edition


---------------------
; Table of Contents ;
---------------------
  1. Legal Notice
  2. Analysis & Synthesis Summary
  3. Analysis & Synthesis Settings
  4. Parallel Compilation
  5. Analysis & Synthesis Source Files Read
  6. Analysis & Synthesis Resource Usage Summary
  7. Analysis & Synthesis Resource Utilization by Entity
  8. General Register Statistics
  9. Inverted Register Statistics
 10. Multiplexer Restructuring Statistics (Restructuring Performed)
 11. Port Connectivity Checks: "FD:fdt|hex7seg:hex1"
 12. Port Connectivity Checks: "FD:fdt|deslocador:serial_shifter"
 13. Port Connectivity Checks: "FD:fdt|timer:clock_divider"
 14. Analysis & Synthesis Messages



----------------
; Legal Notice ;
----------------
Copyright (C) 1991-2010 Altera Corporation
Your use of Altera Corporation's design tools, logic functions 
and other software and tools, and its AMPP partner logic 
functions, and any output files from any of the foregoing 
(including device programming or simulation files), and any 
associated documentation or information are expressly subject 
to the terms and conditions of the Altera Program License 
Subscription Agreement, Altera MegaCore Function License 
Agreement, or other applicable license agreement, including, 
without limitation, that your use is for the sole purpose of 
programming logic devices manufactured by Altera and sold by 
Altera or its authorized distributors.  Please refer to the 
applicable agreement for further details.



+-----------------------------------------------------------------------------------+
; Analysis & Synthesis Summary                                                      ;
+------------------------------------+----------------------------------------------+
; Analysis & Synthesis Status        ; Successful - Sat Sep 17 17:40:53 2016        ;
; Quartus II Version                 ; 9.1 Build 350 03/24/2010 SP 2 SJ Web Edition ;
; Revision Name                      ; Receptor                                     ;
; Top-level Entity Name              ; Receptor                                     ;
; Family                             ; Cyclone II                                   ;
; Total logic elements               ; 56                                           ;
;     Total combinational functions  ; 52                                           ;
;     Dedicated logic registers      ; 28                                           ;
; Total registers                    ; 28                                           ;
; Total pins                         ; 22                                           ;
; Total virtual pins                 ; 0                                            ;
; Total memory bits                  ; 0                                            ;
; Embedded Multiplier 9-bit elements ; 0                                            ;
; Total PLLs                         ; 0                                            ;
+------------------------------------+----------------------------------------------+


+----------------------------------------------------------------------------------------------------------------------+
; Analysis & Synthesis Settings                                                                                        ;
+----------------------------------------------------------------------------+--------------------+--------------------+
; Option                                                                     ; Setting            ; Default Value      ;
+----------------------------------------------------------------------------+--------------------+--------------------+
; Device                                                                     ; EP2C35F672C6       ;                    ;
; Top-level entity name                                                      ; Receptor           ; Receptor           ;
; Family name                                                                ; Cyclone II         ; Cyclone IV GX      ;
; Use Generated Physical Constraints File                                    ; Off                ;                    ;
; Use smart compilation                                                      ; Off                ; Off                ;
; Enable parallel Assembler and TimeQuest Timing Analyzer during compilation ; On                 ; On                 ;
; Enable compact report table                                                ; Off                ; Off                ;
; Restructure Multiplexers                                                   ; Auto               ; Auto               ;
; Create Debugging Nodes for IP Cores                                        ; Off                ; Off                ;
; Preserve fewer node names                                                  ; On                 ; On                 ;
; Disable OpenCore Plus hardware evaluation                                  ; Off                ; Off                ;
; Verilog Version                                                            ; Verilog_2001       ; Verilog_2001       ;
; VHDL Version                                                               ; VHDL_1993          ; VHDL_1993          ;
; State Machine Processing                                                   ; Auto               ; Auto               ;
; Safe State Machine                                                         ; Off                ; Off                ;
; Extract Verilog State Machines                                             ; On                 ; On                 ;
; Extract VHDL State Machines                                                ; On                 ; On                 ;
; Ignore Verilog initial constructs                                          ; Off                ; Off                ;
; Iteration limit for constant Verilog loops                                 ; 5000               ; 5000               ;
; Iteration limit for non-constant Verilog loops                             ; 250                ; 250                ;
; Add Pass-Through Logic to Inferred RAMs                                    ; On                 ; On                 ;
; Parallel Synthesis                                                         ; On                 ; On                 ;
; DSP Block Balancing                                                        ; Auto               ; Auto               ;
; NOT Gate Push-Back                                                         ; On                 ; On                 ;
; Power-Up Don't Care                                                        ; On                 ; On                 ;
; Remove Redundant Logic Cells                                               ; Off                ; Off                ;
; Remove Duplicate Registers                                                 ; On                 ; On                 ;
; Ignore CARRY Buffers                                                       ; Off                ; Off                ;
; Ignore CASCADE Buffers                                                     ; Off                ; Off                ;
; Ignore GLOBAL Buffers                                                      ; Off                ; Off                ;
; Ignore ROW GLOBAL Buffers                                                  ; Off                ; Off                ;
; Ignore LCELL Buffers                                                       ; Off                ; Off                ;
; Ignore SOFT Buffers                                                        ; On                 ; On                 ;
; Limit AHDL Integers to 32 Bits                                             ; Off                ; Off                ;
; Optimization Technique                                                     ; Balanced           ; Balanced           ;
; Carry Chain Length                                                         ; 70                 ; 70                 ;
; Auto Carry Chains                                                          ; On                 ; On                 ;
; Auto Open-Drain Pins                                                       ; On                 ; On                 ;
; Perform WYSIWYG Primitive Resynthesis                                      ; Off                ; Off                ;
; Auto ROM Replacement                                                       ; On                 ; On                 ;
; Auto RAM Replacement                                                       ; On                 ; On                 ;
; Auto Shift Register Replacement                                            ; Auto               ; Auto               ;
; Auto Clock Enable Replacement                                              ; On                 ; On                 ;
; Strict RAM Replacement                                                     ; Off                ; Off                ;
; Allow Synchronous Control Signals                                          ; On                 ; On                 ;
; Force Use of Synchronous Clear Signals                                     ; Off                ; Off                ;
; Auto RAM to Logic Cell Conversion                                          ; Off                ; Off                ;
; Auto Resource Sharing                                                      ; Off                ; Off                ;
; Allow Any RAM Size For Recognition                                         ; Off                ; Off                ;
; Allow Any ROM Size For Recognition                                         ; Off                ; Off                ;
; Allow Any Shift Register Size For Recognition                              ; Off                ; Off                ;
; Use LogicLock Constraints during Resource Balancing                        ; On                 ; On                 ;
; Ignore translate_off and synthesis_off directives                          ; Off                ; Off                ;
; Timing-Driven Synthesis                                                    ; Off                ; Off                ;
; Show Parameter Settings Tables in Synthesis Report                         ; On                 ; On                 ;
; Ignore Maximum Fan-Out Assignments                                         ; Off                ; Off                ;
; Synchronization Register Chain Length                                      ; 3                  ; 3                  ;
; PowerPlay Power Optimization                                               ; Normal compilation ; Normal compilation ;
; HDL message level                                                          ; Level2             ; Level2             ;
; Suppress Register Optimization Related Messages                            ; Off                ; Off                ;
; Number of Removed Registers Reported in Synthesis Report                   ; 5000               ; 5000               ;
; Number of Inverted Registers Reported in Synthesis Report                  ; 100                ; 100                ;
; Clock MUX Protection                                                       ; On                 ; On                 ;
; Auto Gated Clock Conversion                                                ; Off                ; Off                ;
; Block Design Naming                                                        ; Auto               ; Auto               ;
; SDC constraint protection                                                  ; Off                ; Off                ;
; Synthesis Effort                                                           ; Auto               ; Auto               ;
; Shift Register Replacement - Allow Asynchronous Clear Signal               ; On                 ; On                 ;
; Analysis & Synthesis Message Level                                         ; Medium             ; Medium             ;
; Disable Register Merging Across Hierarchies                                ; Auto               ; Auto               ;
; Resource Aware Inference For Block RAM                                     ; On                 ; On                 ;
+----------------------------------------------------------------------------+--------------------+--------------------+


Parallel compilation was disabled, but you have multiple processors available. Enable parallel compilation to reduce compilation time.
+-------------------------------------+
; Parallel Compilation                ;
+----------------------------+--------+
; Processors                 ; Number ;
+----------------------------+--------+
; Number detected on machine ; 4      ;
; Maximum allowed            ; 1      ;
+----------------------------+--------+


+------------------------------------------------------------------------------------------------------------------------+
; Analysis & Synthesis Source Files Read                                                                                 ;
+----------------------------------+-----------------+-----------------+-------------------------------------------------+
; File Name with User-Entered Path ; Used in Netlist ; File Type       ; File Name with Absolute Path                    ;
+----------------------------------+-----------------+-----------------+-------------------------------------------------+
; counter.vhd                      ; yes             ; User VHDL File  ; C:/altera/91sp2/quartus/Receptor/counter.vhd    ;
; timer.vhd                        ; yes             ; User VHDL File  ; C:/altera/91sp2/quartus/Receptor/timer.vhd      ;
; hex7seg.vhd                      ; yes             ; User VHDL File  ; C:/altera/91sp2/quartus/Receptor/hex7seg.vhd    ;
; deslocador.vhd                   ; yes             ; User VHDL File  ; C:/altera/91sp2/quartus/Receptor/deslocador.vhd ;
; UC.vhd                           ; yes             ; User VHDL File  ; C:/altera/91sp2/quartus/Receptor/UC.vhd         ;
; FD.vhd                           ; yes             ; User VHDL File  ; C:/altera/91sp2/quartus/Receptor/FD.vhd         ;
; Receptor.vhd                     ; yes             ; User VHDL File  ; C:/altera/91sp2/quartus/Receptor/Receptor.vhd   ;
+----------------------------------+-----------------+-----------------+-------------------------------------------------+


+-----------------------------------------------------+
; Analysis & Synthesis Resource Usage Summary         ;
+---------------------------------------------+-------+
; Resource                                    ; Usage ;
+---------------------------------------------+-------+
; Estimated Total logic elements              ; 56    ;
;                                             ;       ;
; Total combinational functions               ; 52    ;
; Logic element usage by number of LUT inputs ;       ;
;     -- 4 input functions                    ; 23    ;
;     -- 3 input functions                    ; 3     ;
;     -- <=2 input functions                  ; 26    ;
;                                             ;       ;
; Logic elements by mode                      ;       ;
;     -- normal mode                          ; 49    ;
;     -- arithmetic mode                      ; 3     ;
;                                             ;       ;
; Total registers                             ; 28    ;
;     -- Dedicated logic registers            ; 28    ;
;     -- I/O registers                        ; 0     ;
;                                             ;       ;
; I/O pins                                    ; 22    ;
; Maximum fan-out node                        ; clk   ;
; Maximum fan-out                             ; 27    ;
; Total fan-out                               ; 247   ;
; Average fan-out                             ; 2.42  ;
+---------------------------------------------+-------+


+-----------------------------------------------------------------------------------------------------------------------------------------------------------------------------------------------------------+
; Analysis & Synthesis Resource Utilization by Entity                                                                                                                                                       ;
+-----------------------------------+-------------------+--------------+-------------+--------------+---------+-----------+------+--------------+--------------------------------------------+--------------+
; Compilation Hierarchy Node        ; LC Combinationals ; LC Registers ; Memory Bits ; DSP Elements ; DSP 9x9 ; DSP 18x18 ; Pins ; Virtual Pins ; Full Hierarchy Name                        ; Library Name ;
+-----------------------------------+-------------------+--------------+-------------+--------------+---------+-----------+------+--------------+--------------------------------------------+--------------+
; |Receptor                         ; 52 (0)            ; 28 (0)       ; 0           ; 0            ; 0       ; 0         ; 22   ; 0            ; |Receptor                                  ; work         ;
;    |FD:fdt|                       ; 48 (3)            ; 25 (1)       ; 0           ; 0            ; 0       ; 0         ; 0    ; 0            ; |Receptor|FD:fdt                           ;              ;
;       |counter:rx_bit_counter|    ; 4 (4)             ; 8 (8)        ; 0           ; 0            ; 0       ; 0         ; 0    ; 0            ; |Receptor|FD:fdt|counter:rx_bit_counter    ;              ;
;       |deslocador:serial_shifter| ; 12 (12)           ; 11 (11)      ; 0           ; 0            ; 0       ; 0         ; 0    ; 0            ; |Receptor|FD:fdt|deslocador:serial_shifter ;              ;
;       |hex7seg:hex1|              ; 7 (7)             ; 0 (0)        ; 0           ; 0            ; 0       ; 0         ; 0    ; 0            ; |Receptor|FD:fdt|hex7seg:hex1              ;              ;
;       |hex7seg:hex2|              ; 14 (14)           ; 0 (0)        ; 0           ; 0            ; 0       ; 0         ; 0    ; 0            ; |Receptor|FD:fdt|hex7seg:hex2              ;              ;
;       |timer:clock_divider|       ; 8 (8)             ; 5 (5)        ; 0           ; 0            ; 0       ; 0         ; 0    ; 0            ; |Receptor|FD:fdt|timer:clock_divider       ;              ;
;    |UC:uct|                       ; 4 (4)             ; 3 (3)        ; 0           ; 0            ; 0       ; 0         ; 0    ; 0            ; |Receptor|UC:uct                           ;              ;
+-----------------------------------+-------------------+--------------+-------------+--------------+---------+-----------+------+--------------+--------------------------------------------+--------------+
Note: For table entries with two numbers listed, the numbers in parentheses indicate the number of resources of the given type used by the specific entity alone. The numbers listed outside of parentheses indicate the total resources of the given type used by the specific entity and all of its sub-entities in the hierarchy.


+------------------------------------------------------+
; General Register Statistics                          ;
+----------------------------------------------+-------+
; Statistic                                    ; Value ;
+----------------------------------------------+-------+
; Total registers                              ; 28    ;
; Number of registers using Synchronous Clear  ; 4     ;
; Number of registers using Synchronous Load   ; 0     ;
; Number of registers using Asynchronous Clear ; 0     ;
; Number of registers using Asynchronous Load  ; 0     ;
; Number of registers using Clock Enable       ; 15    ;
; Number of registers using Preset             ; 0     ;
+----------------------------------------------+-------+


+--------------------------------------------------+
; Inverted Register Statistics                     ;
+----------------------------------------+---------+
; Inverted Register                      ; Fan out ;
+----------------------------------------+---------+
; UC:uct|Sreg                            ; 11      ;
; Total number of inverted registers = 1 ;         ;
+----------------------------------------+---------+


+----------------------------------------------------------------------------------------------------------------------------------------------------------------+
; Multiplexer Restructuring Statistics (Restructuring Performed)                                                                                                 ;
+--------------------+-----------+---------------+----------------------+------------------------+------------+--------------------------------------------------+
; Multiplexer Inputs ; Bus Width ; Baseline Area ; Area if Restructured ; Saving if Restructured ; Registered ; Example Multiplexer Output                       ;
+--------------------+-----------+---------------+----------------------+------------------------+------------+--------------------------------------------------+
; 3:1                ; 11 bits   ; 22 LEs        ; 11 LEs               ; 11 LEs                 ; Yes        ; |Receptor|FD:fdt|deslocador:serial_shifter|IQ[6] ;
; 4:1                ; 4 bits    ; 8 LEs         ; 4 LEs                ; 4 LEs                  ; Yes        ; |Receptor|FD:fdt|timer:clock_divider|count[0]    ;
+--------------------+-----------+---------------+----------------------+------------------------+------------+--------------------------------------------------+


+-------------------------------------------------+
; Port Connectivity Checks: "FD:fdt|hex7seg:hex1" ;
+------+-------+----------+-----------------------+
; Port ; Type  ; Severity ; Details               ;
+------+-------+----------+-----------------------+
; x[3] ; Input ; Info     ; Stuck at GND          ;
+------+-------+----------+-----------------------+


+---------------------------------------------------------------------------------------------------------------------------+
; Port Connectivity Checks: "FD:fdt|deslocador:serial_shifter"                                                              ;
+-----------------+--------+----------+-------------------------------------------------------------------------------------+
; Port            ; Type   ; Severity ; Details                                                                             ;
+-----------------+--------+----------+-------------------------------------------------------------------------------------+
; data_in         ; Input  ; Info     ; Stuck at GND                                                                        ;
; data_out[10..8] ; Output ; Info     ; Connected to dangling logic. Logic that only feeds a dangling port will be removed. ;
+-----------------+--------+----------+-------------------------------------------------------------------------------------+


+--------------------------------------------------------+
; Port Connectivity Checks: "FD:fdt|timer:clock_divider" ;
+---------------+-------+----------+---------------------+
; Port          ; Type  ; Severity ; Details             ;
+---------------+-------+----------+---------------------+
; data_in[2..0] ; Input ; Info     ; Stuck at VCC        ;
; data_in[3]    ; Input ; Info     ; Stuck at GND        ;
+---------------+-------+----------+---------------------+


+-------------------------------+
; Analysis & Synthesis Messages ;
+-------------------------------+
Info: *******************************************************************
Info: Running Quartus II Analysis & Synthesis
    Info: Version 9.1 Build 350 03/24/2010 Service Pack 2 SJ Web Edition
    Info: Processing started: Sat Sep 17 17:40:52 2016
Info: Command: quartus_map --read_settings_files=on --write_settings_files=off Receptor -c Receptor
Info: Found 2 design units, including 1 entities, in source file counter.vhd
    Info: Found design unit 1: counter-counter_impl
    Info: Found entity 1: counter
Info: Found 2 design units, including 1 entities, in source file timer.vhd
    Info: Found design unit 1: timer-timer_arch
    Info: Found entity 1: timer
Info: Found 2 design units, including 1 entities, in source file hex7seg.vhd
    Info: Found design unit 1: hex7seg-hex7seg
    Info: Found entity 1: hex7seg
Info: Found 2 design units, including 1 entities, in source file deslocador.vhd
    Info: Found design unit 1: deslocador-deslocador_arch
    Info: Found entity 1: deslocador
Info: Found 2 design units, including 1 entities, in source file uc.vhd
    Info: Found design unit 1: UC-UC_ARCH
    Info: Found entity 1: UC
Info: Found 2 design units, including 1 entities, in source file fd.vhd
    Info: Found design unit 1: FD-FD_ARCH
    Info: Found entity 1: FD
Info: Found 2 design units, including 1 entities, in source file receptor.vhd
    Info: Found design unit 1: Receptor-receptor_arch
    Info: Found entity 1: Receptor
Info: Elaborating entity "Receptor" for the top level hierarchy
Info: Elaborating entity "UC" for hierarchy "UC:uct"
Info: Elaborating entity "FD" for hierarchy "FD:fdt"
Info: Elaborating entity "timer" for hierarchy "FD:fdt|timer:clock_divider"
Info: Elaborating entity "counter" for hierarchy "FD:fdt|counter:rx_bit_counter"
Info: Elaborating entity "deslocador" for hierarchy "FD:fdt|deslocador:serial_shifter"
Info: Elaborating entity "hex7seg" for hierarchy "FD:fdt|hex7seg:hex1"
Info: Implemented 78 device resources after synthesis - the final resource count might be different
    Info: Implemented 2 input pins
    Info: Implemented 20 output pins
    Info: Implemented 56 logic cells
Info: Quartus II Analysis & Synthesis was successful. 0 errors, 0 warnings
    Info: Peak virtual memory: 258 megabytes
    Info: Processing ended: Sat Sep 17 17:40:53 2016
    Info: Elapsed time: 00:00:01
    Info: Total CPU time (on all processors): 00:00:01


